2022-07-18 14:14:43,311 [Worker-12: Importing Maven projects] INFO  o.e.m.c.i.l.LifecycleMappingFactory - Using org.eclipse.m2e.jdt.JarLifecycleMapping lifecycle mapping for MavenProject: com.SpringBoot:SampleFirstProgram:0.0.1-SNAPSHOT @ C:\Users\rajkapoornuit2139\Documents\undertow\SampleFirstProgram2\pom.xml.
2022-07-18 14:14:45,464 [Worker-12: Importing Maven projects] INFO  o.e.m.j.i.AbstractJavaProjectConfigurator - Adding source folder /SampleFirstProgram2/src/main/java
2022-07-18 14:14:45,465 [Worker-12: Importing Maven projects] INFO  o.e.m.j.i.AbstractJavaProjectConfigurator - Adding resource folder /SampleFirstProgram2/src/main/resources
2022-07-18 14:14:45,466 [Worker-12: Importing Maven projects] INFO  o.e.m.j.i.AbstractJavaProjectConfigurator - Adding resource folder /SampleFirstProgram2/src/main/resources
2022-07-18 14:14:45,469 [Worker-12: Importing Maven projects] INFO  o.e.m.j.i.AbstractJavaProjectConfigurator - Adding source folder /SampleFirstProgram2/src/test/java
2022-07-18 14:14:45,848 [Worker-12: Importing Maven projects] INFO  o.e.m.c.i.p.ProjectConfigurationManager - Imported and configured 1 project(s) in 4 sec
2022-07-18 14:14:48,485 [Worker-6: Building] INFO  o.e.m.c.i.embedder.EclipseLogger - Using 'UTF-8' encoding to copy filtered resources.
2022-07-18 14:14:48,485 [Worker-6: Building] INFO  o.e.m.c.i.embedder.EclipseLogger - Using 'UTF-8' encoding to copy filtered properties files.
2022-07-18 14:14:48,489 [Worker-6: Building] INFO  o.e.m.c.i.embedder.EclipseLogger - Copying 1 resource
2022-07-18 14:14:48,517 [Worker-6: Building] INFO  o.e.m.c.i.embedder.EclipseLogger - Copying 3 resources
2022-07-18 14:14:48,532 [Worker-6: Building] INFO  o.e.m.c.i.embedder.EclipseLogger - Using 'UTF-8' encoding to copy filtered resources.
2022-07-18 14:14:48,532 [Worker-6: Building] INFO  o.e.m.c.i.embedder.EclipseLogger - Using 'UTF-8' encoding to copy filtered properties files.
2022-07-18 14:14:48,532 [Worker-6: Building] INFO  o.e.m.c.i.embedder.EclipseLogger - skip non existing resourceDirectory C:\Users\rajkapoornuit2139\Documents\undertow\SampleFirstProgram2\src\test\resources
2022-07-18 14:15:01,783 [Worker-13: Building] INFO  o.e.m.c.i.l.LifecycleMappingFactory - Using org.eclipse.m2e.jdt.JarLifecycleMapping lifecycle mapping for MavenProject: com.SpringBoot:SampleFirstProgram:0.0.1-SNAPSHOT @ C:\Users\rajkapoornuit2139\Documents\undertow\SampleFirstProgram2\pom.xml.
2022-07-18 14:15:20,137 [Worker-13: Building] INFO  o.e.m.c.i.e.AbstractTransferListenerAdapter - Downloading https://repo.maven.apache.org/maven2/org/springframework/boot/spring-boot-starter-undertow/2.7.1/spring-boot-starter-undertow-2.7.1.pom
2022-07-18 14:15:21,163 [Worker-13: Building] INFO  o.e.m.c.i.e.AbstractTransferListenerAdapter - Downloaded https://repo.maven.apache.org/maven2/org/springframework/boot/spring-boot-starter-undertow/2.7.1/spring-boot-starter-undertow-2.7.1.pom
2022-07-18 14:15:21,571 [Worker-13: Building] INFO  o.e.m.c.i.e.AbstractTransferListenerAdapter - Downloading https://repo.maven.apache.org/maven2/io/undertow/undertow-core/2.2.18.Final/undertow-core-2.2.18.Final.pom
2022-07-18 14:15:24,164 [Worker-13: Building] INFO  o.e.m.c.i.e.AbstractTransferListenerAdapter - Downloaded https://repo.maven.apache.org/maven2/io/undertow/undertow-core/2.2.18.Final/undertow-core-2.2.18.Final.pom
2022-07-18 14:15:24,554 [Worker-13: Building] INFO  o.e.m.c.i.e.AbstractTransferListenerAdapter - Downloading https://repo.maven.apache.org/maven2/io/undertow/undertow-parent/2.2.18.Final/undertow-parent-2.2.18.Final.pom
2022-07-18 14:15:25,407 [Worker-13: Building] INFO  o.e.m.c.i.e.AbstractTransferListenerAdapter - Downloaded https://repo.maven.apache.org/maven2/io/undertow/undertow-parent/2.2.18.Final/undertow-parent-2.2.18.Final.pom
2022-07-18 14:15:25,883 [Worker-13: Building] INFO  o.e.m.c.i.e.AbstractTransferListenerAdapter - Downloading https://repo.maven.apache.org/maven2/org/jboss/jboss-parent/35/jboss-parent-35.pom
2022-07-18 14:15:28,029 [Worker-13: Building] INFO  o.e.m.c.i.e.AbstractTransferListenerAdapter - Downloaded https://repo.maven.apache.org/maven2/org/jboss/jboss-parent/35/jboss-parent-35.pom
2022-07-18 14:15:28,342 [Worker-13: Building] INFO  o.e.m.c.i.e.AbstractTransferListenerAdapter - Downloading https://repo.maven.apache.org/maven2/org/jboss/xnio/xnio-api/3.8.7.Final/xnio-api-3.8.7.Final.pom
2022-07-18 14:15:28,739 [Worker-13: Building] INFO  o.e.m.c.i.e.AbstractTransferListenerAdapter - Downloaded https://repo.maven.apache.org/maven2/org/jboss/xnio/xnio-api/3.8.7.Final/xnio-api-3.8.7.Final.pom
2022-07-18 14:15:28,972 [Worker-13: Building] INFO  o.e.m.c.i.e.AbstractTransferListenerAdapter - Downloading https://repo.maven.apache.org/maven2/org/jboss/xnio/xnio-all/3.8.7.Final/xnio-all-3.8.7.Final.pom
2022-07-18 14:15:29,254 [Worker-13: Building] INFO  o.e.m.c.i.e.AbstractTransferListenerAdapter - Downloaded https://repo.maven.apache.org/maven2/org/jboss/xnio/xnio-all/3.8.7.Final/xnio-all-3.8.7.Final.pom
2022-07-18 14:15:29,508 [Worker-13: Building] INFO  o.e.m.c.i.e.AbstractTransferListenerAdapter - Downloading https://repo.maven.apache.org/maven2/org/wildfly/common/wildfly-common/1.5.4.Final/wildfly-common-1.5.4.Final.pom
2022-07-18 14:15:29,843 [Worker-13: Building] INFO  o.e.m.c.i.e.AbstractTransferListenerAdapter - Downloaded https://repo.maven.apache.org/maven2/org/wildfly/common/wildfly-common/1.5.4.Final/wildfly-common-1.5.4.Final.pom
2022-07-18 14:15:30,170 [Worker-13: Building] INFO  o.e.m.c.i.e.AbstractTransferListenerAdapter - Downloading https://repo.maven.apache.org/maven2/org/jboss/jboss-parent/34/jboss-parent-34.pom
2022-07-18 14:15:31,201 [Worker-13: Building] INFO  o.e.m.c.i.e.AbstractTransferListenerAdapter - Downloaded https://repo.maven.apache.org/maven2/org/jboss/jboss-parent/34/jboss-parent-34.pom
2022-07-18 14:15:32,014 [Worker-13: Building] INFO  o.e.m.c.i.e.AbstractTransferListenerAdapter - Downloading https://repo.maven.apache.org/maven2/org/wildfly/client/wildfly-client-config/1.0.1.Final/wildfly-client-config-1.0.1.Final.pom
2022-07-18 14:15:32,323 [Worker-13: Building] INFO  o.e.m.c.i.e.AbstractTransferListenerAdapter - Downloaded https://repo.maven.apache.org/maven2/org/wildfly/client/wildfly-client-config/1.0.1.Final/wildfly-client-config-1.0.1.Final.pom
2022-07-18 14:15:32,628 [Worker-13: Building] INFO  o.e.m.c.i.e.AbstractTransferListenerAdapter - Downloading https://repo.maven.apache.org/maven2/org/jboss/jboss-parent/23/jboss-parent-23.pom
2022-07-18 14:15:33,043 [Worker-13: Building] INFO  o.e.m.c.i.e.AbstractTransferListenerAdapter - Downloaded https://repo.maven.apache.org/maven2/org/jboss/jboss-parent/23/jboss-parent-23.pom
2022-07-18 14:15:33,343 [Worker-13: Building] INFO  o.e.m.c.i.e.AbstractTransferListenerAdapter - Downloading https://repo.maven.apache.org/maven2/org/jboss/xnio/xnio-nio/3.8.7.Final/xnio-nio-3.8.7.Final.pom
2022-07-18 14:15:33,759 [Worker-13: Building] INFO  o.e.m.c.i.e.AbstractTransferListenerAdapter - Downloaded https://repo.maven.apache.org/maven2/org/jboss/xnio/xnio-nio/3.8.7.Final/xnio-nio-3.8.7.Final.pom
2022-07-18 14:15:34,092 [Worker-13: Building] INFO  o.e.m.c.i.e.AbstractTransferListenerAdapter - Downloading https://repo.maven.apache.org/maven2/org/jboss/threads/jboss-threads/2.3.6.Final/jboss-threads-2.3.6.Final.pom
2022-07-18 14:15:34,380 [Worker-13: Building] INFO  o.e.m.c.i.e.AbstractTransferListenerAdapter - Downloaded https://repo.maven.apache.org/maven2/org/jboss/threads/jboss-threads/2.3.6.Final/jboss-threads-2.3.6.Final.pom
2022-07-18 14:15:34,675 [Worker-13: Building] INFO  o.e.m.c.i.e.AbstractTransferListenerAdapter - Downloading https://repo.maven.apache.org/maven2/org/jboss/jboss-parent/20/jboss-parent-20.pom
2022-07-18 14:15:35,091 [Worker-13: Building] INFO  o.e.m.c.i.e.AbstractTransferListenerAdapter - Downloaded https://repo.maven.apache.org/maven2/org/jboss/jboss-parent/20/jboss-parent-20.pom
2022-07-18 14:15:35,323 [Worker-13: Building] INFO  o.e.m.c.i.e.AbstractTransferListenerAdapter - Downloading https://repo.maven.apache.org/maven2/org/jboss/threads/jboss-threads/3.1.0.Final/jboss-threads-3.1.0.Final.pom
2022-07-18 14:15:35,688 [Worker-13: Building] INFO  o.e.m.c.i.e.AbstractTransferListenerAdapter - Downloaded https://repo.maven.apache.org/maven2/org/jboss/threads/jboss-threads/3.1.0.Final/jboss-threads-3.1.0.Final.pom
2022-07-18 14:15:36,109 [Worker-13: Building] INFO  o.e.m.c.i.e.AbstractTransferListenerAdapter - Downloading https://repo.maven.apache.org/maven2/io/undertow/undertow-servlet/2.2.18.Final/undertow-servlet-2.2.18.Final.pom
2022-07-18 14:15:36,623 [Worker-13: Building] INFO  o.e.m.c.i.e.AbstractTransferListenerAdapter - Downloaded https://repo.maven.apache.org/maven2/io/undertow/undertow-servlet/2.2.18.Final/undertow-servlet-2.2.18.Final.pom
2022-07-18 14:15:36,927 [Worker-13: Building] INFO  o.e.m.c.i.e.AbstractTransferListenerAdapter - Downloading https://repo.maven.apache.org/maven2/io/undertow/undertow-websockets-jsr/2.2.18.Final/undertow-websockets-jsr-2.2.18.Final.pom
2022-07-18 14:15:37,807 [Worker-13: Building] INFO  o.e.m.c.i.e.AbstractTransferListenerAdapter - Downloaded https://repo.maven.apache.org/maven2/io/undertow/undertow-websockets-jsr/2.2.18.Final/undertow-websockets-jsr-2.2.18.Final.pom
2022-07-18 14:15:38,324 [AetherRepositoryConnector-repo.maven.apache.org-0-0] INFO  o.e.m.c.i.e.AbstractTransferListenerAdapter - Downloading https://repo.maven.apache.org/maven2/org/springframework/boot/spring-boot-starter-undertow/2.7.1/spring-boot-starter-undertow-2.7.1.jar
2022-07-18 14:15:38,709 [AetherRepositoryConnector-repo.maven.apache.org-0-0] INFO  o.e.m.c.i.e.AbstractTransferListenerAdapter - Downloaded https://repo.maven.apache.org/maven2/org/springframework/boot/spring-boot-starter-undertow/2.7.1/spring-boot-starter-undertow-2.7.1.jar
2022-07-18 14:15:39,310 [AetherRepositoryConnector-repo.maven.apache.org-0-0] INFO  o.e.m.c.i.e.AbstractTransferListenerAdapter - Downloading https://repo.maven.apache.org/maven2/org/jboss/xnio/xnio-nio/3.8.7.Final/xnio-nio-3.8.7.Final.jar
2022-07-18 14:15:40,948 [AetherRepositoryConnector-repo.maven.apache.org-0-0] INFO  o.e.m.c.i.e.AbstractTransferListenerAdapter - Downloaded https://repo.maven.apache.org/maven2/org/jboss/xnio/xnio-nio/3.8.7.Final/xnio-nio-3.8.7.Final.jar
2022-07-18 14:15:42,737 [AetherRepositoryConnector-repo.maven.apache.org-0-0] INFO  o.e.m.c.i.e.AbstractTransferListenerAdapter - Downloading https://repo.maven.apache.org/maven2/org/jboss/threads/jboss-threads/3.1.0.Final/jboss-threads-3.1.0.Final.jar
2022-07-18 14:15:42,742 [AetherRepositoryConnector-repo.maven.apache.org-0-4] INFO  o.e.m.c.i.e.AbstractTransferListenerAdapter - Downloading https://repo.maven.apache.org/maven2/org/wildfly/client/wildfly-client-config/1.0.1.Final/wildfly-client-config-1.0.1.Final.jar
2022-07-18 14:15:42,866 [AetherRepositoryConnector-repo.maven.apache.org-0-2] INFO  o.e.m.c.i.e.AbstractTransferListenerAdapter - Downloading https://repo.maven.apache.org/maven2/org/jboss/xnio/xnio-api/3.8.7.Final/xnio-api-3.8.7.Final.jar
2022-07-18 14:15:43,009 [AetherRepositoryConnector-repo.maven.apache.org-0-1] INFO  o.e.m.c.i.e.AbstractTransferListenerAdapter - Downloading https://repo.maven.apache.org/maven2/io/undertow/undertow-core/2.2.18.Final/undertow-core-2.2.18.Final.jar
2022-07-18 14:15:43,084 [AetherRepositoryConnector-repo.maven.apache.org-0-3] INFO  o.e.m.c.i.e.AbstractTransferListenerAdapter - Downloading https://repo.maven.apache.org/maven2/org/wildfly/common/wildfly-common/1.5.4.Final/wildfly-common-1.5.4.Final.jar
2022-07-18 14:15:45,942 [AetherRepositoryConnector-repo.maven.apache.org-0-4] INFO  o.e.m.c.i.e.AbstractTransferListenerAdapter - Downloaded https://repo.maven.apache.org/maven2/org/wildfly/client/wildfly-client-config/1.0.1.Final/wildfly-client-config-1.0.1.Final.jar
2022-07-18 14:15:45,943 [AetherRepositoryConnector-repo.maven.apache.org-0-0] INFO  o.e.m.c.i.e.AbstractTransferListenerAdapter - Downloaded https://repo.maven.apache.org/maven2/org/jboss/threads/jboss-threads/3.1.0.Final/jboss-threads-3.1.0.Final.jar
2022-07-18 14:15:47,142 [AetherRepositoryConnector-repo.maven.apache.org-0-4] INFO  o.e.m.c.i.e.AbstractTransferListenerAdapter - Downloading https://repo.maven.apache.org/maven2/io/undertow/undertow-servlet/2.2.18.Final/undertow-servlet-2.2.18.Final.jar
2022-07-18 14:15:47,375 [AetherRepositoryConnector-repo.maven.apache.org-0-0] INFO  o.e.m.c.i.e.AbstractTransferListenerAdapter - Downloading https://repo.maven.apache.org/maven2/io/undertow/undertow-websockets-jsr/2.2.18.Final/undertow-websockets-jsr-2.2.18.Final.jar
2022-07-18 14:15:53,697 [AetherRepositoryConnector-repo.maven.apache.org-0-3] INFO  o.e.m.c.i.e.AbstractTransferListenerAdapter - Downloaded https://repo.maven.apache.org/maven2/org/wildfly/common/wildfly-common/1.5.4.Final/wildfly-common-1.5.4.Final.jar
2022-07-18 14:15:56,464 [AetherRepositoryConnector-repo.maven.apache.org-0-0] INFO  o.e.m.c.i.e.AbstractTransferListenerAdapter - Downloaded https://repo.maven.apache.org/maven2/io/undertow/undertow-websockets-jsr/2.2.18.Final/undertow-websockets-jsr-2.2.18.Final.jar
2022-07-18 14:15:58,844 [AetherRepositoryConnector-repo.maven.apache.org-0-4] INFO  o.e.m.c.i.e.AbstractTransferListenerAdapter - Downloaded https://repo.maven.apache.org/maven2/io/undertow/undertow-servlet/2.2.18.Final/undertow-servlet-2.2.18.Final.jar
2022-07-18 14:16:03,840 [AetherRepositoryConnector-repo.maven.apache.org-0-2] INFO  o.e.m.c.i.e.AbstractTransferListenerAdapter - Downloaded https://repo.maven.apache.org/maven2/org/jboss/xnio/xnio-api/3.8.7.Final/xnio-api-3.8.7.Final.jar
2022-07-18 14:16:14,426 [AetherRepositoryConnector-repo.maven.apache.org-0-1] INFO  o.e.m.c.i.e.AbstractTransferListenerAdapter - Downloaded https://repo.maven.apache.org/maven2/io/undertow/undertow-core/2.2.18.Final/undertow-core-2.2.18.Final.jar
2022-07-18 14:16:15,398 [Worker-13: Building] INFO  o.e.m.c.i.embedder.EclipseLogger - Using 'UTF-8' encoding to copy filtered resources.
2022-07-18 14:16:15,398 [Worker-13: Building] INFO  o.e.m.c.i.embedder.EclipseLogger - Using 'UTF-8' encoding to copy filtered properties files.
2022-07-18 14:16:15,402 [Worker-13: Building] INFO  o.e.m.c.i.embedder.EclipseLogger - Copying 0 resource
2022-07-18 14:16:15,402 [Worker-13: Building] INFO  o.e.m.c.i.embedder.EclipseLogger - Copying 0 resource
2022-07-18 14:16:15,406 [Worker-13: Building] INFO  o.e.m.c.i.embedder.EclipseLogger - Using 'UTF-8' encoding to copy filtered resources.
2022-07-18 14:16:15,406 [Worker-13: Building] INFO  o.e.m.c.i.embedder.EclipseLogger - Using 'UTF-8' encoding to copy filtered properties files.
2022-07-18 14:16:15,406 [Worker-13: Building] INFO  o.e.m.c.i.embedder.EclipseLogger - skip non existing resourceDirectory C:\Users\rajkapoornuit2139\Documents\undertow\SampleFirstProgram2\src\test\resources
2022-07-18 14:16:17,161 [Worker-13: Building] INFO  o.e.m.c.i.embedder.EclipseLogger - Using 'UTF-8' encoding to copy filtered resources.
2022-07-18 14:16:17,161 [Worker-13: Building] INFO  o.e.m.c.i.embedder.EclipseLogger - Using 'UTF-8' encoding to copy filtered properties files.
2022-07-18 14:16:17,163 [Worker-13: Building] INFO  o.e.m.c.i.embedder.EclipseLogger - Copying 1 resource
2022-07-18 14:16:17,176 [Worker-13: Building] INFO  o.e.m.c.i.embedder.EclipseLogger - Copying 3 resources
2022-07-18 14:16:17,183 [Worker-13: Building] INFO  o.e.m.c.i.embedder.EclipseLogger - Using 'UTF-8' encoding to copy filtered resources.
2022-07-18 14:16:17,184 [Worker-13: Building] INFO  o.e.m.c.i.embedder.EclipseLogger - Using 'UTF-8' encoding to copy filtered properties files.
2022-07-18 14:16:17,185 [Worker-13: Building] INFO  o.e.m.c.i.embedder.EclipseLogger - skip non existing resourceDirectory C:\Users\rajkapoornuit2139\Documents\undertow\SampleFirstProgram2\src\test\resources
2022-07-18 14:16:18,502 [Worker-21: Download sources and javadoc] INFO  o.e.m.c.i.e.AbstractTransferListenerAdapter - Downloading https://repo.maven.apache.org/maven2/org/springframework/boot/spring-boot-starter-undertow/2.7.1/spring-boot-starter-undertow-2.7.1-sources.jar
2022-07-18 14:16:18,913 [Worker-21: Download sources and javadoc] INFO  o.e.m.c.i.e.AbstractTransferListenerAdapter - Downloaded https://repo.maven.apache.org/maven2/org/springframework/boot/spring-boot-starter-undertow/2.7.1/spring-boot-starter-undertow-2.7.1-sources.jar
2022-07-18 14:16:18,962 [Worker-21: Download sources and javadoc] INFO  o.e.m.j.internal.DownloadSourcesJob - Downloaded sources for org.springframework.boot:spring-boot-starter-undertow:2.7.1
2022-07-18 14:16:20,962 [Worker-21: Download sources and javadoc] INFO  o.e.m.c.i.e.AbstractTransferListenerAdapter - Downloading https://repo.maven.apache.org/maven2/io/undertow/undertow-core/2.2.18.Final/undertow-core-2.2.18.Final-sources.jar
2022-07-18 14:16:24,666 [Worker-21: Download sources and javadoc] INFO  o.e.m.c.i.e.AbstractTransferListenerAdapter - Downloaded https://repo.maven.apache.org/maven2/io/undertow/undertow-core/2.2.18.Final/undertow-core-2.2.18.Final-sources.jar
2022-07-18 14:16:24,705 [Worker-21: Download sources and javadoc] INFO  o.e.m.j.internal.DownloadSourcesJob - Downloaded sources for io.undertow:undertow-core:2.2.18.Final
2022-07-18 14:16:26,594 [Worker-21: Download sources and javadoc] INFO  o.e.m.c.i.e.AbstractTransferListenerAdapter - Downloading https://repo.maven.apache.org/maven2/org/jboss/xnio/xnio-api/3.8.7.Final/xnio-api-3.8.7.Final-sources.jar
2022-07-18 14:16:28,646 [Worker-21: Download sources and javadoc] INFO  o.e.m.c.i.e.AbstractTransferListenerAdapter - Downloaded https://repo.maven.apache.org/maven2/org/jboss/xnio/xnio-api/3.8.7.Final/xnio-api-3.8.7.Final-sources.jar
2022-07-18 14:16:28,921 [Worker-21: Download sources and javadoc] INFO  o.e.m.j.internal.DownloadSourcesJob - Downloaded sources for org.jboss.xnio:xnio-api:3.8.7.Final
2022-07-18 14:16:30,281 [Worker-21: Download sources and javadoc] INFO  o.e.m.c.i.e.AbstractTransferListenerAdapter - Downloading https://repo.maven.apache.org/maven2/org/wildfly/common/wildfly-common/1.5.4.Final/wildfly-common-1.5.4.Final-sources.jar
2022-07-18 14:16:31,796 [Worker-21: Download sources and javadoc] INFO  o.e.m.c.i.e.AbstractTransferListenerAdapter - Downloaded https://repo.maven.apache.org/maven2/org/wildfly/common/wildfly-common/1.5.4.Final/wildfly-common-1.5.4.Final-sources.jar
2022-07-18 14:16:31,935 [Worker-21: Download sources and javadoc] INFO  o.e.m.j.internal.DownloadSourcesJob - Downloaded sources for org.wildfly.common:wildfly-common:1.5.4.Final
2022-07-18 14:16:34,372 [Worker-21: Download sources and javadoc] INFO  o.e.m.c.i.e.AbstractTransferListenerAdapter - Downloading https://repo.maven.apache.org/maven2/org/wildfly/client/wildfly-client-config/1.0.1.Final/wildfly-client-config-1.0.1.Final-sources.jar
2022-07-18 14:16:34,905 [Worker-21: Download sources and javadoc] INFO  o.e.m.c.i.e.AbstractTransferListenerAdapter - Downloaded https://repo.maven.apache.org/maven2/org/wildfly/client/wildfly-client-config/1.0.1.Final/wildfly-client-config-1.0.1.Final-sources.jar
2022-07-18 14:16:34,974 [Worker-21: Download sources and javadoc] INFO  o.e.m.j.internal.DownloadSourcesJob - Downloaded sources for org.wildfly.client:wildfly-client-config:1.0.1.Final
2022-07-18 14:16:36,524 [Worker-21: Download sources and javadoc] INFO  o.e.m.c.i.e.AbstractTransferListenerAdapter - Downloading https://repo.maven.apache.org/maven2/org/jboss/xnio/xnio-nio/3.8.7.Final/xnio-nio-3.8.7.Final-sources.jar
2022-07-18 14:16:37,346 [Worker-21: Download sources and javadoc] INFO  o.e.m.c.i.e.AbstractTransferListenerAdapter - Downloaded https://repo.maven.apache.org/maven2/org/jboss/xnio/xnio-nio/3.8.7.Final/xnio-nio-3.8.7.Final-sources.jar
2022-07-18 14:16:37,405 [Worker-21: Download sources and javadoc] INFO  o.e.m.j.internal.DownloadSourcesJob - Downloaded sources for org.jboss.xnio:xnio-nio:3.8.7.Final
2022-07-18 14:16:38,905 [Worker-21: Download sources and javadoc] INFO  o.e.m.c.i.e.AbstractTransferListenerAdapter - Downloading https://repo.maven.apache.org/maven2/org/jboss/threads/jboss-threads/3.1.0.Final/jboss-threads-3.1.0.Final-sources.jar
2022-07-18 14:16:39,701 [Worker-21: Download sources and javadoc] INFO  o.e.m.c.i.e.AbstractTransferListenerAdapter - Downloaded https://repo.maven.apache.org/maven2/org/jboss/threads/jboss-threads/3.1.0.Final/jboss-threads-3.1.0.Final-sources.jar
2022-07-18 14:16:39,793 [Worker-21: Download sources and javadoc] INFO  o.e.m.j.internal.DownloadSourcesJob - Downloaded sources for org.jboss.threads:jboss-threads:3.1.0.Final
2022-07-18 14:16:41,544 [Worker-21: Download sources and javadoc] INFO  o.e.m.c.i.e.AbstractTransferListenerAdapter - Downloading https://repo.maven.apache.org/maven2/io/undertow/undertow-servlet/2.2.18.Final/undertow-servlet-2.2.18.Final-sources.jar
2022-07-18 14:16:43,399 [Worker-21: Download sources and javadoc] INFO  o.e.m.c.i.e.AbstractTransferListenerAdapter - Downloaded https://repo.maven.apache.org/maven2/io/undertow/undertow-servlet/2.2.18.Final/undertow-servlet-2.2.18.Final-sources.jar
2022-07-18 14:16:43,598 [Worker-21: Download sources and javadoc] INFO  o.e.m.j.internal.DownloadSourcesJob - Downloaded sources for io.undertow:undertow-servlet:2.2.18.Final
2022-07-18 14:16:45,332 [Worker-21: Download sources and javadoc] INFO  o.e.m.c.i.e.AbstractTransferListenerAdapter - Downloading https://repo.maven.apache.org/maven2/io/undertow/undertow-websockets-jsr/2.2.18.Final/undertow-websockets-jsr-2.2.18.Final-sources.jar
2022-07-18 14:16:46,224 [Worker-21: Download sources and javadoc] INFO  o.e.m.c.i.e.AbstractTransferListenerAdapter - Downloaded https://repo.maven.apache.org/maven2/io/undertow/undertow-websockets-jsr/2.2.18.Final/undertow-websockets-jsr-2.2.18.Final-sources.jar
2022-07-18 14:16:46,282 [Worker-21: Download sources and javadoc] INFO  o.e.m.j.internal.DownloadSourcesJob - Downloaded sources for io.undertow:undertow-websockets-jsr:2.2.18.Final
2022-07-18 14:16:46,574 [Worker-21: Building] INFO  o.e.m.c.i.embedder.EclipseLogger - Using 'UTF-8' encoding to copy filtered resources.
2022-07-18 14:16:46,574 [Worker-21: Building] INFO  o.e.m.c.i.embedder.EclipseLogger - Using 'UTF-8' encoding to copy filtered properties files.
2022-07-18 14:16:46,574 [Worker-21: Building] INFO  o.e.m.c.i.embedder.EclipseLogger - Copying 0 resource
2022-07-18 14:16:46,575 [Worker-21: Building] INFO  o.e.m.c.i.embedder.EclipseLogger - Copying 0 resource
2022-07-18 14:16:46,576 [Worker-21: Building] INFO  o.e.m.c.i.embedder.EclipseLogger - Using 'UTF-8' encoding to copy filtered resources.
2022-07-18 14:16:46,576 [Worker-21: Building] INFO  o.e.m.c.i.embedder.EclipseLogger - Using 'UTF-8' encoding to copy filtered properties files.
2022-07-18 14:16:46,576 [Worker-21: Building] INFO  o.e.m.c.i.embedder.EclipseLogger - skip non existing resourceDirectory C:\Users\rajkapoornuit2139\Documents\undertow\SampleFirstProgram2\src\test\resources
